SF:lib/core/data/datasources/local/shared_prefs_data_source.dart
DA:11,1
DA:13,1
DA:15,3
DA:17,3
DA:18,1
DA:21,1
DA:23,3
DA:24,4
LF:8
LH:8
end_of_record
SF:lib/core/data/repositories/item_repository_impl.dart
DA:8,1
DA:11,1
DA:13,4
DA:15,1
DA:16,3
LF:5
LH:5
end_of_record
SF:lib/core/domain/models/item.dart
DA:15,4
LF:1
LH:1
end_of_record
SF:lib/core/domain/models/item.g.dart
DA:9,4
DA:10,4
DA:11,2
DA:12,2
DA:13,4
DA:16,2
DA:17,2
DA:18,2
DA:19,2
DA:20,2
DA:21,4
LF:11
LH:11
end_of_record
SF:lib/core/presentation/view_models/base_view_model.dart
DA:7,8
DA:8,8
DA:10,5
DA:12,10
DA:13,5
DA:14,5
DA:17,5
DA:19,10
DA:20,4
DA:21,4
DA:24,5
DA:26,5
DA:28,5
DA:29,5
DA:30,4
DA:33,8
DA:36,5
LF:17
LH:17
end_of_record
SF:lib/features/home/presentation/view_models/home_view_model.dart
DA:9,4
DA:11,4
DA:14,6
DA:16,4
DA:17,12
DA:18,3
DA:21,2
DA:22,2
DA:23,4
DA:26,2
DA:29,4
DA:30,4
DA:31,6
LF:13
LH:13
end_of_record
SF:lib/app.dart
DA:5,1
DA:7,1
DA:9,1
DA:11,1
LF:4
LH:4
end_of_record
SF:lib/features/home/presentation/screens/home_screen.dart
DA:8,2
DA:10,2
DA:11,2
DA:12,2
DA:13,2
DA:14,2
DA:15,2
DA:18,2
DA:19,8
DA:21,2
DA:24,2
DA:25,2
DA:27,1
DA:36,1
DA:38,1
DA:40,2
DA:43,1
DA:44,2
DA:45,2
DA:46,4
DA:47,4
DA:48,1
DA:49,7
LF:23
LH:23
end_of_record
SF:lib/features/home/presentation/widgets/add_item_dialog.dart
DA:6,4
DA:8,2
DA:9,2
DA:17,1
DA:18,1
DA:20,1
DA:21,1
DA:23,1
DA:24,3
DA:25,3
DA:26,2
DA:27,2
DA:29,3
DA:33,2
DA:35,4
DA:36,4
DA:37,2
DA:40,2
DA:42,2
DA:44,2
DA:45,2
DA:46,2
DA:48,2
DA:49,2
DA:50,2
DA:52,2
DA:54,2
DA:55,2
DA:57,2
DA:62,2
DA:63,2
DA:64,2
DA:67,2
DA:68,2
LF:34
LH:34
end_of_record
